TN:
SF:src\index.ts
FN:8,processNewItem
FN:24,main
FNF:2
FNH:2
FNDA:10,processNewItem
FNDA:5,main
DA:1,1
DA:2,1
DA:4,1
DA:8,10
DA:10,10
DA:11,8
DA:14,7
DA:15,7
DA:18,6
DA:19,6
DA:20,6
DA:21,6
DA:24,5
DA:25,5
DA:26,5
DA:28,5
DA:29,7
DA:30,5
DA:31,5
DA:32,5
DA:33,5
DA:34,5
DA:36,3
DA:39,5
DA:40,1
DA:41,1
DA:42,5
DA:44,1
LF:28
LH:28
BRDA:8,0,0,10
BRDA:10,1,0,8
BRDA:11,2,0,1
BRDA:11,3,0,7
BRDA:15,4,0,1
BRDA:15,5,0,6
BRDA:24,6,0,5
BRDA:28,7,0,7
BRDA:29,8,0,5
BRDA:34,9,0,3
BRDA:39,10,0,1
BRF:11
BRH:11
end_of_record
TN:
SF:src\factories\item-factory.ts
FN:28,createItem
FNF:1
FNH:1
FNDA:4,createItem
DA:7,1
DA:14,1
DA:18,1
DA:21,1
DA:22,1
DA:23,1
DA:24,1
DA:25,1
DA:27,1
DA:28,1
DA:29,4
DA:31,4
DA:32,4
DA:34,4
DA:35,4
DA:36,4
DA:37,1
LF:17
LH:17
BRDA:28,0,0,4
BRF:1
BRH:1
end_of_record
TN:
SF:src\models\item-type.ts
FNF:0
FNH:0
DA:1,1
DA:2,1
DA:3,1
DA:4,1
LF:4
LH:4
BRDA:1,0,0,4
BRF:1
BRH:1
end_of_record
TN:
SF:src\models\item.ts
FN:3,Item
FN:15,getSummary
FN:29,calculateTax
FN:37,calculateTax
FN:47,calculateTax
FNF:5
FNH:5
FNDA:9,Item
FNDA:10,getSummary
FNDA:2,calculateTax
FNDA:2,calculateTax
FNDA:5,calculateTax
DA:2,1
DA:3,1
DA:4,9
DA:5,9
DA:6,9
DA:7,9
DA:8,9
DA:10,9
DA:11,9
DA:15,1
DA:16,10
DA:17,10
DA:18,10
DA:19,10
DA:20,10
DA:21,10
DA:22,10
DA:23,10
DA:24,10
DA:25,1
DA:28,1
DA:29,1
DA:30,2
DA:31,2
DA:32,2
DA:33,1
DA:36,1
DA:37,1
DA:38,2
DA:39,2
DA:40,2
DA:41,2
DA:42,2
DA:43,1
DA:46,1
DA:47,1
DA:48,5
DA:49,5
DA:50,5
DA:52,5
DA:53,2
DA:54,4
DA:55,1
DA:56,2
DA:57,2
DA:58,2
DA:60,5
DA:61,5
DA:62,5
DA:63,1
LF:50
LH:50
BRDA:3,0,0,9
BRDA:15,1,0,10
BRDA:29,2,0,2
BRDA:37,3,0,2
BRDA:47,4,0,5
BRDA:52,5,0,4
BRDA:52,6,0,2
BRDA:54,7,0,3
BRDA:54,8,0,2
BRDA:54,9,0,1
BRF:10
BRH:10
end_of_record
TN:
SF:src\utils\input-handler.ts
FN:16,getValidatedItemInput
FNF:1
FNH:1
FNDA:5,getValidatedItemInput
DA:1,1
DA:2,1
DA:16,5
DA:17,5
DA:19,4
DA:20,4
DA:21,4
DA:22,1
DA:23,1
DA:24,1
DA:26,3
DA:27,3
DA:28,4
DA:29,1
DA:30,1
DA:31,1
DA:33,2
DA:34,2
DA:35,2
DA:36,2
DA:37,4
DA:38,1
DA:39,1
DA:40,1
DA:42,1
DA:43,1
LF:26
LH:26
BRDA:16,0,0,5
BRDA:17,1,0,4
BRDA:21,2,0,1
BRDA:24,3,0,3
BRDA:28,4,0,1
BRDA:31,5,0,2
BRDA:37,6,0,1
BRF:7
BRH:7
end_of_record
TN:
SF:src\utils\input-validation.ts
FN:4,validatePrice
FN:13,validateQuantity
FN:30,validateItemType
FNF:3
FNH:3
FNDA:10,validatePrice
FNDA:9,validateQuantity
FNDA:9,validateItemType
DA:1,1
DA:4,1
DA:5,10
DA:6,10
DA:7,6
DA:8,6
DA:9,4
DA:10,4
DA:13,1
DA:14,9
DA:15,9
DA:16,4
DA:17,4
DA:18,5
DA:19,5
DA:21,1
DA:23,1
DA:24,9
DA:25,9
DA:26,9
DA:27,9
DA:30,1
DA:31,9
DA:32,9
DA:33,5
DA:34,5
DA:35,4
DA:36,4
LF:28
LH:28
BRDA:23,0,0,9
BRDA:4,1,0,10
BRDA:6,2,0,7
BRDA:6,3,0,7
BRDA:6,4,0,6
BRDA:8,5,0,4
BRDA:13,6,0,9
BRDA:15,7,0,7
BRDA:15,8,0,4
BRDA:17,9,0,5
BRDA:30,10,0,9
BRDA:32,11,0,8
BRDA:32,12,0,5
BRDA:34,13,0,4
BRF:14
BRH:14
end_of_record
TN:
SF:src\utils\input.ts
FN:2,getUserInput
FNF:1
FNH:1
FNDA:2,getUserInput
DA:2,2
DA:3,2
DA:4,2
DA:5,2
DA:6,1
DA:7,2
DA:8,2
DA:9,2
LF:8
LH:8
BRDA:2,0,0,2
BRDA:3,1,0,2
BRDA:5,2,0,1
BRF:3
BRH:3
end_of_record
