TN:
SF:src\index.ts
FN:6,processNewItem
FN:24,main
FNF:2
FNH:2
FNDA:6,processNewItem
FNDA:3,main
DA:1,1
DA:3,1
DA:6,6
DA:8,6
DA:9,5
DA:12,4
DA:13,4
DA:14,4
DA:15,4
DA:16,4
DA:17,4
DA:18,4
DA:19,4
DA:20,4
DA:21,4
DA:24,3
DA:26,3
DA:28,3
DA:29,4
DA:30,3
DA:31,3
DA:32,3
DA:34,3
DA:35,3
DA:36,2
DA:37,2
DA:40,1
LF:27
LH:27
BRDA:6,0,0,6
BRDA:8,1,0,5
BRDA:9,2,0,1
BRDA:9,3,0,4
BRDA:24,4,0,3
BRDA:28,5,0,4
BRDA:29,6,0,3
BRDA:35,7,0,2
BRF:8
BRH:8
end_of_record
TN:
SF:src\factories\itemFactories.ts
FN:13,createItem
FNF:1
FNH:1
FNDA:6,createItem
DA:1,1
DA:2,1
DA:3,1
DA:8,1
DA:11,1
DA:13,1
DA:14,6
DA:15,6
DA:16,5
DA:18,5
DA:19,5
DA:20,5
DA:21,1
DA:22,1
DA:23,1
DA:24,4
DA:26,4
DA:27,4
DA:28,5
DA:29,1
DA:30,1
DA:31,1
DA:32,1
DA:33,1
DA:34,3
DA:36,3
DA:37,3
DA:38,3
DA:39,3
DA:40,5
DA:41,1
DA:42,1
DA:43,1
DA:45,2
DA:48,2
DA:49,2
DA:50,2
DA:51,2
DA:52,2
DA:53,5
DA:54,1
DA:55,1
DA:56,1
DA:58,1
DA:59,6
DA:60,1
LF:46
LH:46
BRDA:13,0,0,6
BRDA:15,1,0,5
BRDA:20,2,0,1
BRDA:23,3,0,4
BRDA:28,4,0,1
BRDA:33,5,0,3
BRDA:40,6,0,1
BRDA:43,7,0,2
BRDA:53,8,0,1
BRF:9
BRH:9
end_of_record
TN:
SF:src\factories\taxStrategyFactory.ts
FN:7,getStrategy
FNF:1
FNH:1
FNDA:7,getStrategy
DA:1,1
DA:2,1
DA:6,1
DA:7,1
DA:8,7
DA:10,7
DA:11,7
DA:12,2
DA:13,7
DA:14,1
DA:15,7
DA:16,2
DA:17,7
DA:18,2
DA:19,7
DA:20,7
DA:21,1
LF:17
LH:17
BRDA:7,0,0,7
BRDA:11,1,0,2
BRDA:13,2,0,1
BRDA:15,3,0,2
BRDA:17,4,0,2
BRF:5
BRH:5
end_of_record
TN:
SF:src\model\item.ts
FN:11,Item
FN:21,setItemName
FN:25,getItemName
FN:29,setItemPrice
FN:33,getItemPrice
FN:37,setItemQuantity
FN:41,getItemQuantity
FN:45,setItemType
FN:49,getItemType
FN:53,setTax
FN:56,getTax
FN:59,setTotalPrice
FN:62,getTotalPrice
FNF:13
FNH:13
FNDA:12,Item
FNDA:6,setItemName
FNDA:2,getItemName
FNDA:5,setItemPrice
FNDA:2,getItemPrice
FNDA:4,setItemQuantity
FNDA:1,getItemQuantity
FNDA:3,setItemType
FNDA:2,getItemType
FNDA:2,setTax
FNDA:2,getTax
FNDA:2,setTotalPrice
FNDA:2,getTotalPrice
DA:2,1
DA:11,1
DA:12,12
DA:13,12
DA:14,12
DA:15,12
DA:16,12
DA:17,12
DA:18,12
DA:21,1
DA:22,6
DA:23,6
DA:25,1
DA:26,2
DA:27,2
DA:29,1
DA:30,5
DA:31,5
DA:33,1
DA:34,2
DA:35,2
DA:37,1
DA:38,4
DA:39,4
DA:41,1
DA:42,1
DA:43,1
DA:45,1
DA:46,3
DA:47,3
DA:49,1
DA:50,2
DA:51,2
DA:53,1
DA:54,2
DA:55,2
DA:56,1
DA:57,2
DA:58,2
DA:59,1
DA:60,2
DA:61,2
DA:62,1
DA:63,2
DA:64,2
DA:65,1
LF:46
LH:46
BRDA:11,0,0,12
BRDA:21,1,0,6
BRDA:25,2,0,2
BRDA:29,3,0,5
BRDA:33,4,0,2
BRDA:37,5,0,4
BRDA:41,6,0,1
BRDA:45,7,0,3
BRDA:49,8,0,2
BRDA:53,9,0,2
BRDA:56,10,0,2
BRDA:59,11,0,2
BRDA:62,12,0,2
BRF:13
BRH:13
end_of_record
TN:
SF:src\model\itemType.ts
FNF:0
FNH:0
DA:1,1
DA:2,1
DA:3,1
DA:4,1
LF:4
LH:4
BRDA:1,0,0,4
BRF:1
BRH:1
end_of_record
TN:
SF:src\tax\strategies\taxStrategies.ts
FN:8,calculateTax
FN:15,calculateTax
FN:24,calculateTax
FNF:3
FNH:3
FNDA:2,calculateTax
FNDA:2,calculateTax
FNDA:4,calculateTax
DA:7,1
DA:8,1
DA:9,2
DA:10,2
DA:11,1
DA:14,1
DA:15,1
DA:16,2
DA:17,2
DA:18,2
DA:19,2
DA:20,1
DA:23,1
DA:24,1
DA:25,4
DA:26,4
DA:27,4
DA:28,4
DA:29,2
DA:30,2
DA:31,1
DA:32,1
DA:33,1
DA:34,1
DA:35,4
DA:36,4
DA:37,1
LF:27
LH:27
BRDA:8,0,0,2
BRDA:15,1,0,2
BRDA:24,2,0,4
BRDA:28,3,0,2
BRDA:30,4,0,1
BRF:5
BRH:5
end_of_record
TN:
SF:src\utils\input.ts
FN:3,getUserInput
FNF:1
FNH:1
FNDA:2,getUserInput
DA:3,2
DA:4,2
DA:5,2
DA:6,2
DA:7,1
DA:8,2
DA:9,2
DA:10,2
LF:8
LH:8
BRDA:3,0,0,2
BRDA:4,1,0,2
BRDA:6,2,0,1
BRF:3
BRH:3
end_of_record
TN:
SF:src\utils\inputValidation.ts
FN:4,validatePrice
FN:13,validateQuantity
FN:30,validateItemType
FNF:3
FNH:3
FNDA:6,validatePrice
FNDA:6,validateQuantity
FNDA:7,validateItemType
DA:1,1
DA:4,1
DA:5,6
DA:6,6
DA:7,3
DA:8,3
DA:9,3
DA:10,3
DA:13,1
DA:14,6
DA:15,6
DA:16,2
DA:17,2
DA:18,4
DA:19,4
DA:21,1
DA:23,1
DA:24,9
DA:25,9
DA:26,9
DA:27,9
DA:30,1
DA:31,7
DA:32,7
DA:33,4
DA:34,4
DA:35,3
DA:36,3
LF:28
LH:28
BRDA:23,0,0,9
BRDA:4,1,0,6
BRDA:6,2,0,4
BRDA:6,3,0,3
BRDA:13,4,0,6
BRDA:15,5,0,4
BRDA:15,6,0,2
BRDA:17,7,0,4
BRDA:30,8,0,7
BRDA:32,9,0,4
BRDA:34,10,0,3
BRF:11
BRH:11
end_of_record
